<?xml version="1.0" encoding="UTF-8"?>
<!-- Generated by org.testng.reporters.JUnitXMLReporter -->
<testsuite ignored="3" hostname="Rahul" failures="0" tests="1" name="Default test" time="7.491" errors="0" timestamp="2022-06-09T14:10:30 IST">
  <testcase classname="com.apllicationTest.Applicatin_test" name="multiplicationTest" time="3.162"/>
  <testcase classname="com.apllicationTest.Applicatin_test" name="substractionTest" time="0.0">
    <ignored/>
  </testcase> <!-- substractionTest -->
  <testcase classname="com.apllicationTest.Applicatin_test" name="divisionTest" time="0.0">
    <ignored/>
  </testcase> <!-- divisionTest -->
  <testcase classname="com.apllicationTest.Applicatin_test" name="AddtionTest" time="0.0">
    <ignored/>
  </testcase> <!-- AddtionTest -->
</testsuite> <!-- Default test -->
