<?xml version="1.0" encoding="UTF-8"?>
<!-- Generated by org.testng.reporters.JUnitXMLReporter -->
<testsuite ignored="0" hostname="Rahul" failures="0" tests="4" name="Test" time="48.882" errors="0" timestamp="2022-06-13T00:53:34 IST">
  <testcase classname="com.apllicationTest.Applicatin_test" name="AddtionTest" time="10.291"/>
  <testcase classname="com.apllicationTest.Applicatin_test" name="divisionTest" time="5.195"/>
  <testcase classname="com.apllicationTest.Applicatin_test" name="multiplicationTest" time="5.193"/>
  <testcase classname="com.apllicationTest.Applicatin_test" name="substractionTest" time="5.313"/>
</testsuite> <!-- Test -->
