<?xml version="1.0" encoding="UTF-8"?>
<!-- Generated by org.testng.reporters.JUnitXMLReporter -->
<testsuite ignored="0" hostname="Rahul" failures="0" tests="4" name="Test" time="35.652" errors="0" timestamp="2022-06-09T14:26:40 IST">
  <testcase classname="com.apllicationTest.Applicatin_test" name="AddtionTest" time="11.294"/>
  <testcase classname="com.apllicationTest.Applicatin_test" name="divisionTest" time="3.184"/>
  <testcase classname="com.apllicationTest.Applicatin_test" name="multiplicationTest" time="3.135"/>
  <testcase classname="com.apllicationTest.Applicatin_test" name="substractionTest" time="3.207"/>
</testsuite> <!-- Test -->
