<?xml version="1.0" encoding="UTF-8"?>
<testng-results ignored="0" total="4" passed="4" failed="0" skipped="0">
  <reporter-output>
  </reporter-output>
  <suite started-at="2022-06-09T14:26:04 IST" name="Suite" finished-at="2022-06-09T14:26:40 IST" duration-ms="35652">
    <groups>
    </groups>
    <test started-at="2022-06-09T14:26:04 IST" name="Test" finished-at="2022-06-09T14:26:40 IST" duration-ms="35652">
      <class name="com.apllicationTest.Applicatin_test">
        <test-method is-config="true" signature="LaunchBrowser()[pri:0, instance:com.apllicationTest.Applicatin_test@247d8ae]" started-at="2022-06-09T14:26:04 IST" name="LaunchBrowser" finished-at="2022-06-09T14:26:09 IST" duration-ms="4409" status="PASS">
          <reporter-output>
          </reporter-output>
        </test-method> <!-- LaunchBrowser -->
        <test-method signature="AddtionTest()[pri:0, instance:com.apllicationTest.Applicatin_test@247d8ae]" started-at="2022-06-09T14:26:09 IST" name="AddtionTest" finished-at="2022-06-09T14:26:20 IST" duration-ms="11294" status="PASS">
          <reporter-output>
          </reporter-output>
        </test-method> <!-- AddtionTest -->
        <test-method is-config="true" signature="closeBrowser()[pri:0, instance:com.apllicationTest.Applicatin_test@247d8ae]" started-at="2022-06-09T14:26:20 IST" name="closeBrowser" finished-at="2022-06-09T14:26:20 IST" duration-ms="352" status="PASS">
          <reporter-output>
          </reporter-output>
        </test-method> <!-- closeBrowser -->
        <test-method is-config="true" signature="LaunchBrowser()[pri:0, instance:com.apllicationTest.Applicatin_test@247d8ae]" started-at="2022-06-09T14:26:20 IST" name="LaunchBrowser" finished-at="2022-06-09T14:26:23 IST" duration-ms="2979" status="PASS">
          <reporter-output>
          </reporter-output>
        </test-method> <!-- LaunchBrowser -->
        <test-method signature="divisionTest()[pri:0, instance:com.apllicationTest.Applicatin_test@247d8ae]" started-at="2022-06-09T14:26:23 IST" name="divisionTest" finished-at="2022-06-09T14:26:26 IST" duration-ms="3184" status="PASS">
          <reporter-output>
          </reporter-output>
        </test-method> <!-- divisionTest -->
        <test-method is-config="true" signature="closeBrowser()[pri:0, instance:com.apllicationTest.Applicatin_test@247d8ae]" started-at="2022-06-09T14:26:26 IST" name="closeBrowser" finished-at="2022-06-09T14:26:27 IST" duration-ms="142" status="PASS">
          <reporter-output>
          </reporter-output>
        </test-method> <!-- closeBrowser -->
        <test-method is-config="true" signature="LaunchBrowser()[pri:0, instance:com.apllicationTest.Applicatin_test@247d8ae]" started-at="2022-06-09T14:26:27 IST" name="LaunchBrowser" finished-at="2022-06-09T14:26:30 IST" duration-ms="3541" status="PASS">
          <reporter-output>
          </reporter-output>
        </test-method> <!-- LaunchBrowser -->
        <test-method signature="multiplicationTest()[pri:0, instance:com.apllicationTest.Applicatin_test@247d8ae]" started-at="2022-06-09T14:26:30 IST" name="multiplicationTest" finished-at="2022-06-09T14:26:33 IST" duration-ms="3135" status="PASS">
          <reporter-output>
          </reporter-output>
        </test-method> <!-- multiplicationTest -->
        <test-method is-config="true" signature="closeBrowser()[pri:0, instance:com.apllicationTest.Applicatin_test@247d8ae]" started-at="2022-06-09T14:26:33 IST" name="closeBrowser" finished-at="2022-06-09T14:26:33 IST" duration-ms="141" status="PASS">
          <reporter-output>
          </reporter-output>
        </test-method> <!-- closeBrowser -->
        <test-method is-config="true" signature="LaunchBrowser()[pri:0, instance:com.apllicationTest.Applicatin_test@247d8ae]" started-at="2022-06-09T14:26:33 IST" name="LaunchBrowser" finished-at="2022-06-09T14:26:37 IST" duration-ms="3072" status="PASS">
          <reporter-output>
          </reporter-output>
        </test-method> <!-- LaunchBrowser -->
        <test-method signature="substractionTest()[pri:0, instance:com.apllicationTest.Applicatin_test@247d8ae]" started-at="2022-06-09T14:26:37 IST" name="substractionTest" finished-at="2022-06-09T14:26:40 IST" duration-ms="3207" status="PASS">
          <reporter-output>
          </reporter-output>
        </test-method> <!-- substractionTest -->
        <test-method is-config="true" signature="closeBrowser()[pri:0, instance:com.apllicationTest.Applicatin_test@247d8ae]" started-at="2022-06-09T14:26:40 IST" name="closeBrowser" finished-at="2022-06-09T14:26:40 IST" duration-ms="153" status="PASS">
          <reporter-output>
          </reporter-output>
        </test-method> <!-- closeBrowser -->
      </class> <!-- com.apllicationTest.Applicatin_test -->
    </test> <!-- Test -->
  </suite> <!-- Suite -->
</testng-results>
