<?xml version="1.0" encoding="UTF-8"?>
<testng-results ignored="0" total="4" passed="4" failed="0" skipped="0">
  <reporter-output>
  </reporter-output>
  <suite started-at="2022-06-13T00:52:45 IST" name="Suite" finished-at="2022-06-13T00:53:34 IST" duration-ms="48882">
    <groups>
    </groups>
    <test started-at="2022-06-13T00:52:45 IST" name="Test" finished-at="2022-06-13T00:53:34 IST" duration-ms="48882">
      <class name="com.apllicationTest.Applicatin_test">
        <test-method is-config="true" signature="LaunchBrowser()[pri:0, instance:com.apllicationTest.Applicatin_test@247d8ae]" started-at="2022-06-13T00:52:45 IST" name="LaunchBrowser" finished-at="2022-06-13T00:52:58 IST" duration-ms="12474" status="PASS">
          <reporter-output>
          </reporter-output>
        </test-method> <!-- LaunchBrowser -->
        <test-method signature="AddtionTest()[pri:0, instance:com.apllicationTest.Applicatin_test@247d8ae]" started-at="2022-06-13T00:52:58 IST" name="AddtionTest" finished-at="2022-06-13T00:53:08 IST" duration-ms="10291" status="PASS">
          <reporter-output>
          </reporter-output>
        </test-method> <!-- AddtionTest -->
        <test-method is-config="true" signature="closeBrowser()[pri:0, instance:com.apllicationTest.Applicatin_test@247d8ae]" started-at="2022-06-13T00:53:08 IST" name="closeBrowser" finished-at="2022-06-13T00:53:08 IST" duration-ms="121" status="PASS">
          <reporter-output>
          </reporter-output>
        </test-method> <!-- closeBrowser -->
        <test-method is-config="true" signature="LaunchBrowser()[pri:0, instance:com.apllicationTest.Applicatin_test@247d8ae]" started-at="2022-06-13T00:53:08 IST" name="LaunchBrowser" finished-at="2022-06-13T00:53:11 IST" duration-ms="3255" status="PASS">
          <reporter-output>
          </reporter-output>
        </test-method> <!-- LaunchBrowser -->
        <test-method signature="divisionTest()[pri:0, instance:com.apllicationTest.Applicatin_test@247d8ae]" started-at="2022-06-13T00:53:11 IST" name="divisionTest" finished-at="2022-06-13T00:53:16 IST" duration-ms="5195" status="PASS">
          <reporter-output>
          </reporter-output>
        </test-method> <!-- divisionTest -->
        <test-method is-config="true" signature="closeBrowser()[pri:0, instance:com.apllicationTest.Applicatin_test@247d8ae]" started-at="2022-06-13T00:53:16 IST" name="closeBrowser" finished-at="2022-06-13T00:53:17 IST" duration-ms="151" status="PASS">
          <reporter-output>
          </reporter-output>
        </test-method> <!-- closeBrowser -->
        <test-method is-config="true" signature="LaunchBrowser()[pri:0, instance:com.apllicationTest.Applicatin_test@247d8ae]" started-at="2022-06-13T00:53:17 IST" name="LaunchBrowser" finished-at="2022-06-13T00:53:20 IST" duration-ms="2970" status="PASS">
          <reporter-output>
          </reporter-output>
        </test-method> <!-- LaunchBrowser -->
        <test-method signature="multiplicationTest()[pri:0, instance:com.apllicationTest.Applicatin_test@247d8ae]" started-at="2022-06-13T00:53:20 IST" name="multiplicationTest" finished-at="2022-06-13T00:53:25 IST" duration-ms="5193" status="PASS">
          <reporter-output>
          </reporter-output>
        </test-method> <!-- multiplicationTest -->
        <test-method is-config="true" signature="closeBrowser()[pri:0, instance:com.apllicationTest.Applicatin_test@247d8ae]" started-at="2022-06-13T00:53:25 IST" name="closeBrowser" finished-at="2022-06-13T00:53:25 IST" duration-ms="140" status="PASS">
          <reporter-output>
          </reporter-output>
        </test-method> <!-- closeBrowser -->
        <test-method is-config="true" signature="LaunchBrowser()[pri:0, instance:com.apllicationTest.Applicatin_test@247d8ae]" started-at="2022-06-13T00:53:25 IST" name="LaunchBrowser" finished-at="2022-06-13T00:53:28 IST" duration-ms="3585" status="PASS">
          <reporter-output>
          </reporter-output>
        </test-method> <!-- LaunchBrowser -->
        <test-method signature="substractionTest()[pri:0, instance:com.apllicationTest.Applicatin_test@247d8ae]" started-at="2022-06-13T00:53:28 IST" name="substractionTest" finished-at="2022-06-13T00:53:34 IST" duration-ms="5313" status="PASS">
          <reporter-output>
          </reporter-output>
        </test-method> <!-- substractionTest -->
        <test-method is-config="true" signature="closeBrowser()[pri:0, instance:com.apllicationTest.Applicatin_test@247d8ae]" started-at="2022-06-13T00:53:34 IST" name="closeBrowser" finished-at="2022-06-13T00:53:34 IST" duration-ms="151" status="PASS">
          <reporter-output>
          </reporter-output>
        </test-method> <!-- closeBrowser -->
      </class> <!-- com.apllicationTest.Applicatin_test -->
    </test> <!-- Test -->
  </suite> <!-- Suite -->
</testng-results>
